11:23:50 **** Incremental Build of configuration Debug for project HelloRobot ****
make all 
Building file: ../main.cpp
Invoking: Cross G++ Compiler
g++ -I/usr/local/include/player-2.0 -O0 -g3 -Wall -c -fmessage-length=0 -MMD -MP -MF"main.d" -MT"main.d" -o "main.o" "../main.cpp"
In file included from ../main.cpp:9:0:
/usr/local/include/player-2.0/libplayerc++/playerc++.h: In member function ‘void PlayerCc::Position2dProxy::GoTo(double, double, double)’:
/usr/local/include/player-2.0/libplayerc++/playerc++.h:1615:40: warning: narrowing conversion of ‘aX’ from ‘double’ to ‘float’ inside { } is ill-formed in C++11 [-Wnarrowing]
/usr/local/include/player-2.0/libplayerc++/playerc++.h:1615:40: warning: narrowing conversion of ‘aY’ from ‘double’ to ‘float’ inside { } is ill-formed in C++11 [-Wnarrowing]
/usr/local/include/player-2.0/libplayerc++/playerc++.h:1615:40: warning: narrowing conversion of ‘aYaw’ from ‘double’ to ‘float’ inside { } is ill-formed in C++11 [-Wnarrowing]
/usr/local/include/player-2.0/libplayerc++/playerc++.h: In member function ‘void PlayerCc::Position3dProxy::GoTo(double, double, double, double, double, double)’:
/usr/local/include/player-2.0/libplayerc++/playerc++.h:1785:59: warning: narrowing conversion of ‘aX’ from ‘double’ to ‘float’ inside { } is ill-formed in C++11 [-Wnarrowing]
/usr/local/include/player-2.0/libplayerc++/playerc++.h:1785:59: warning: narrowing conversion of ‘aY’ from ‘double’ to ‘float’ inside { } is ill-formed in C++11 [-Wnarrowing]
/usr/local/include/player-2.0/libplayerc++/playerc++.h:1785:59: warning: narrowing conversion of ‘aZ’ from ‘double’ to ‘float’ inside { } is ill-formed in C++11 [-Wnarrowing]
/usr/local/include/player-2.0/libplayerc++/playerc++.h:1785:59: warning: narrowing conversion of ‘aRoll’ from ‘double’ to ‘float’ inside { } is ill-formed in C++11 [-Wnarrowing]
/usr/local/include/player-2.0/libplayerc++/playerc++.h:1785:59: warning: narrowing conversion of ‘aPitch’ from ‘double’ to ‘float’ inside { } is ill-formed in C++11 [-Wnarrowing]
/usr/local/include/player-2.0/libplayerc++/playerc++.h:1785:59: warning: narrowing conversion of ‘aYaw’ from ‘double’ to ‘float’ inside { } is ill-formed in C++11 [-Wnarrowing]
Finished building: ../main.cpp
 
Building target: HelloRobot
Invoking: Cross G++ Linker
g++ -L/usr/local/lib -o "HelloRobot"  ./main.o   -lplayerc++
Finished building target: HelloRobot
 

11:23:50 Build Finished (took 412ms)

