13:10:19 **** Incremental Build of configuration Debug for project Mapping ****
make all 
Building file: ../Main.cpp
Invoking: Cross G++ Compiler
g++ -O0 -g3 -Wall -c -fmessage-length=0 -MMD -MP -MF"Main.d" -MT"Main.d" -o "Main.o" "../Main.cpp"
Finished building: ../Main.cpp
 
Building file: ../Map.cpp
Invoking: Cross G++ Compiler
g++ -O0 -g3 -Wall -c -fmessage-length=0 -MMD -MP -MF"Map.d" -MT"Map.d" -o "Map.o" "../Map.cpp"
../Map.cpp: In constructor ‘Map::Map()’:
../Map.cpp:11:9: warning: extended initializer lists only available with -std=c++11 or -std=gnu++11 [enabled by default]
../Map.cpp:11:9: warning: extended initializer lists only available with -std=c++11 or -std=gnu++11 [enabled by default]
../Map.cpp: In member function ‘void Map::loadMap()’:
../Map.cpp:38:22: warning: comparison between signed and unsigned integer expressions [-Wsign-compare]
../Map.cpp:39:23: warning: comparison between signed and unsigned integer expressions [-Wsign-compare]
../Map.cpp:35:15: warning: unused variable ‘j’ [-Wunused-variable]
../Map.cpp:36:15: warning: unused variable ‘k’ [-Wunused-variable]
Finished building: ../Map.cpp
 
Building target: Mapping
Invoking: Cross G++ Linker
g++  -o "Mapping"  ./Main.o ./Map.o ./lodepng.o   
Finished building target: Mapping
 

13:10:19 Build Finished (took 622ms)

